2024-08-19 23:06:34:634 [32minfo[39m: [32mServer is running on port 4000[39m
2024-08-19 23:06:39:639 [35mhttp[39m: [35mGET /api 304 - - 2.777 ms[39m
[35m[39m
2024-08-19 23:06:55:655 [35mhttp[39m: [35mGET / 404 139 - 2.126 ms[39m
[35m[39m
2024-08-20 00:14:08:148 [32minfo[39m: [32mServer is running on port 4000[39m
2024-08-20 00:14:15:1415 [35mhttp[39m: [35mGET /api 304 - - 2.708 ms[39m
[35m[39m
2024-08-20 00:14:38:1438 [35mhttp[39m: [35mGET /free - - - - ms[39m
[35m[39m
2024-08-20 00:14:57:1457 [35mhttp[39m: [35mGET /free - - - - ms[39m
[35m[39m
2024-08-20 00:15:51:1551 [32minfo[39m: [32mServer is running on port 4000[39m
2024-08-20 00:15:58:1558 [35mhttp[39m: [35mGET /premium - - - - ms[39m
[35m[39m
2024-08-20 00:17:13:1713 [35mhttp[39m: [35mGET /premium 504 - - 75004.740 ms[39m
[35m[39m
2024-08-20 00:17:52:1752 [32minfo[39m: [32mServer is running on port 4000[39m
2024-08-20 00:18:09:189 [35mhttp[39m: [35mGET /free 200 - - 152.042 ms[39m
[35m[39m
2024-08-20 00:18:10:1810 [35mhttp[39m: [35mGET /sugrec?&prod=pc_his&from=pc_web&json=1&sid=&hisdata=&_t=1724084290261&req=2&csor=0 404 145 - 1.158 ms[39m
[35m[39m
2024-08-20 00:18:36:1836 [35mhttp[39m: [35mGET /premium 200 - - 93.810 ms[39m
[35m[39m
2024-08-20 00:18:36:1836 [35mhttp[39m: [35mGET /sugrec?&prod=pc_his&from=pc_web&json=1&sid=&hisdata=&_t=1724084316953&req=2&csor=0 404 145 - 0.444 ms[39m
[35m[39m
2024-09-02 16:04:04:44 [32minfo[39m: [32mConnected to SQL Database[39m
2024-09-02 16:04:17:417 [32minfo[39m: [32mConnected to SQL Database[39m
2024-09-02 16:06:01:61 [32minfo[39m: [32mConnected to SQL Database[39m
2024-09-02 16:08:54:854 [32minfo[39m: [32mConnected to SQL Database[39m
2024-09-02 16:08:54:854 [32minfo[39m: [32mListening to port 6000[39m
2024-09-02 16:18:14:1814 [32minfo[39m: [32mConnected to SQL Database[39m
2024-09-02 16:18:14:1814 [32minfo[39m: [32mListening to port 6000[39m
2024-09-02 16:19:52:1952 [32minfo[39m: [32mConnected to SQL Database[39m
2024-09-02 16:19:52:1952 [32minfo[39m: [32mListening to port 6000[39m
2024-09-02 16:23:29:2329 [35mhttp[39m: [35mPOST /v1/oath/login 404 - - 6.544 ms[39m
[35m[39m
2024-09-02 16:23:55:2355 [35mhttp[39m: [35mPOST /v1/oauth/login 400 - - 4.315 ms[39m
[35m[39m
2024-09-02 16:25:00:250 [35mhttp[39m: [35mGET / 200 11 - 1.021 ms[39m
[35m[39m
2024-09-02 17:05:01:51 [35mhttp[39m: [35mGET / 200 11 - 0.270 ms[39m
[35m[39m
2024-09-02 17:32:58:3258 [32minfo[39m: [32mConnected to SQL Database[39m
2024-09-02 17:32:58:3258 [32minfo[39m: [32mListening to port 6000[39m
2024-09-02 17:33:14:3314 [35mhttp[39m: [35mGET / 200 11 - 1.374 ms[39m
[35m[39m
2024-09-02 17:33:24:3324 [32minfo[39m: [32mConnected to SQL Database[39m
2024-09-02 17:33:24:3324 [32minfo[39m: [32mListening to port 6000[39m
2024-09-02 17:33:36:3336 [32minfo[39m: [32mConnected to SQL Database[39m
2024-09-02 17:33:36:3336 [32minfo[39m: [32mListening to port 6000[39m
2024-09-02 17:33:59:3359 [32minfo[39m: [32mConnected to SQL Database[39m
2024-09-02 17:33:59:3359 [32minfo[39m: [32mListening to port 6000[39m
2024-09-02 17:34:13:3413 [32minfo[39m: [32mConnected to SQL Database[39m
2024-09-02 17:34:13:3413 [32minfo[39m: [32mListening to port 6000[39m
2024-09-02 17:34:58:3458 [32minfo[39m: [32mConnected to SQL Database[39m
2024-09-02 17:34:58:3458 [32minfo[39m: [32mListening to port 6000[39m
2024-09-02 17:35:08:358 [32minfo[39m: [32mConnected to SQL Database[39m
2024-09-02 17:35:08:358 [32minfo[39m: [32mListening to port 6000[39m
2024-09-02 17:37:47:3747 [32minfo[39m: [32mConnected to SQL Database[39m
2024-09-02 17:37:47:3747 [32minfo[39m: [32mListening to port 6000[39m
2024-09-02 17:39:15:3915 [32minfo[39m: [32mConnected to SQL Database[39m
2024-09-02 17:39:15:3915 [32minfo[39m: [32mListening to port 6000[39m
2024-09-02 17:39:18:3918 [35mhttp[39m: [35mGET / 200 11 - 1.914 ms[39m
[35m[39m
2024-09-02 17:39:39:3939 [32minfo[39m: [32mConnected to SQL Database[39m
2024-09-02 17:39:39:3939 [32minfo[39m: [32mListening to port 6000[39m
2024-09-02 17:39:42:3942 [32minfo[39m: [32mConnected to SQL Database[39m
2024-09-02 17:39:42:3942 [32minfo[39m: [32mListening to port 6000[39m
2024-09-02 17:40:02:402 [35mhttp[39m: [35mGET /free 200 227 - 117.635 ms[39m
[35m[39m
2024-09-02 17:44:23:4423 [32minfo[39m: [32mConnected to SQL Database[39m
2024-09-02 17:44:23:4423 [32minfo[39m: [32mListening to port 6000[39m
2024-09-02 17:44:43:4443 [35mhttp[39m: [35mGET /free 200 227 - 113.929 ms[39m
[35m[39m
2024-09-02 17:44:48:4448 [35mhttp[39m: [35mGET / 200 11 - 1.322 ms[39m
[35m[39m
2024-09-02 17:48:50:4850 [32minfo[39m: [32mConnected to SQL Database[39m
2024-09-02 17:48:50:4850 [32minfo[39m: [32mListening to port 6000[39m
2024-09-02 17:48:56:4856 [35mhttp[39m: [35mGET / 200 11 - 1.562 ms[39m
[35m[39m
2024-09-02 17:54:43:5443 [32minfo[39m: [32mConnected to SQL Database[39m
2024-09-02 17:54:43:5443 [32minfo[39m: [32mListening to port 6000[39m
2024-09-02 17:54:48:5448 [35mhttp[39m: [35mGET / 200 11 - 1.587 ms[39m
[35m[39m
2024-09-02 18:43:18:4318 [32minfo[39m: [32mConnected to SQL Database[39m
2024-09-02 18:43:18:4318 [32minfo[39m: [32mListening to port 6000[39m
2024-09-02 18:43:25:4325 [35mhttp[39m: [35mGET / 200 11 - 3011.098 ms[39m
[35m[39m
2024-09-02 18:53:26:5326 [32minfo[39m: [32mConnected to SQL Database[39m
2024-09-02 18:53:26:5326 [32minfo[39m: [32mListening to port 6000[39m
2024-09-02 18:57:17:5717 [35mhttp[39m: [35mPOST /v1/oauth/login 500 473 - 225631.976 ms[39m
[35m[39m
2024-09-02 22:36:43:3643 [32minfo[39m: [32mConnected to SQL Database[39m
2024-09-02 22:36:43:3643 [32minfo[39m: [32mListening to port 6000[39m
2024-09-02 22:37:09:379 [35mhttp[39m: [35mPOST /v1/oauth/login 200 662 - 21042.230 ms[39m
[35m[39m
2024-09-03 00:30:24:3024 [32minfo[39m: [32mConnected to SQL Database[39m
2024-09-03 00:30:24:3024 [32minfo[39m: [32mListening to port 6000[39m
2024-09-03 00:30:54:3054 [35mhttp[39m: [35mPOST /v1/oauth/login 200 662 - 22029.175 ms[39m
[35m[39m
2024-09-03 00:35:06:356 [32minfo[39m: [32mConnected to SQL Database[39m
2024-09-03 00:35:07:357 [32minfo[39m: [32mListening to port 6000[39m
2024-09-03 00:35:33:3533 [35mhttp[39m: [35mPOST /v1/oauth/login 200 662 - 9515.157 ms[39m
[35m[39m
2024-09-03 00:36:40:3640 [35mhttp[39m: [35mPOST /v1/oauth/login 200 662 - 4.772 ms[39m
[35m[39m
2024-09-03 00:38:02:382 [32minfo[39m: [32mConnected to SQL Database[39m
2024-09-03 00:38:02:382 [32minfo[39m: [32mListening to port 6000[39m
2024-09-03 00:43:51:4351 [35mhttp[39m: [35mPOST /v1/oauth/login 200 662 - 285672.515 ms[39m
[35m[39m
2024-09-03 00:54:25:5425 [32minfo[39m: [32mConnected to SQL Database[39m
2024-09-03 00:54:25:5425 [32minfo[39m: [32mListening to port 6000[39m
2024-09-03 00:55:52:5552 [32minfo[39m: [32mConnected to SQL Database[39m
2024-09-03 00:55:52:5552 [32minfo[39m: [32mListening to port 6000[39m
2024-09-03 00:56:15:5615 [35mhttp[39m: [35mPOST /v1/oauth/login 200 662 - 7214.830 ms[39m
[35m[39m
2024-09-03 00:58:30:5830 [32minfo[39m: [32mConnected to SQL Database[39m
2024-09-03 00:58:30:5830 [32minfo[39m: [32mListening to port 6000[39m
2024-09-03 00:58:40:5840 [35mhttp[39m: [35mPOST /v1/oauth/login 200 662 - 6035.940 ms[39m
[35m[39m
2024-09-03 00:58:58:5858 [32minfo[39m: [32mConnected to SQL Database[39m
2024-09-03 00:58:58:5858 [32minfo[39m: [32mListening to port 6000[39m
2024-09-03 01:01:30:130 [32minfo[39m: [32mConnected to SQL Database[39m
2024-09-03 01:01:30:130 [32minfo[39m: [32mListening to port 6000[39m
2024-09-03 01:02:43:243 [32minfo[39m: [32mConnected to SQL Database[39m
2024-09-03 01:02:43:243 [32minfo[39m: [32mListening to port 6000[39m
2024-09-03 01:07:25:725 [32minfo[39m: [32mConnected to SQL Database[39m
2024-09-03 01:07:25:725 [32minfo[39m: [32mListening to port 6000[39m
2024-09-03 01:34:50:3450 [32minfo[39m: [32mConnected to SQL Database[39m
2024-09-03 01:34:50:3450 [32minfo[39m: [32mListening to port 6000[39m
2024-09-03 01:35:02:352 [35mhttp[39m: [35mPOST /v1/oauth/login 200 662 - 6993.132 ms[39m
[35m[39m
2024-09-03 01:36:12:3612 [32minfo[39m: [32mConnected to SQL Database[39m
2024-09-03 01:36:13:3613 [32minfo[39m: [32mListening to port 6000[39m
2024-09-03 01:36:26:3626 [35mhttp[39m: [35mPOST /v1/oauth/login 200 662 - 8315.554 ms[39m
[35m[39m
2024-09-03 01:37:06:376 [32minfo[39m: [32mConnected to SQL Database[39m
2024-09-03 01:37:06:376 [32minfo[39m: [32mListening to port 6000[39m
2024-09-03 01:37:11:3711 [35mhttp[39m: [35mGET / 401 - - 0.959 ms[39m
[35m[39m
2024-09-03 01:37:14:3714 [35mhttp[39m: [35mGET / 401 - - 0.237 ms[39m
[35m[39m
2024-09-03 01:38:02:382 [32minfo[39m: [32mConnected to SQL Database[39m
2024-09-03 01:38:02:382 [32minfo[39m: [32mListening to port 6000[39m
2024-09-03 01:38:07:387 [35mhttp[39m: [35mGET / 401 - - 1.021 ms[39m
[35m[39m
2024-09-03 01:38:12:3812 [35mhttp[39m: [35mGET / 401 - - 0.271 ms[39m
[35m[39m
2024-09-03 01:39:10:3910 [35mhttp[39m: [35mPOST /v1/oauth/login 200 662 - 7834.217 ms[39m
[35m[39m
2024-09-03 01:39:16:3916 [35mhttp[39m: [35mGET / 401 - - 0.252 ms[39m
[35m[39m
2024-09-03 01:41:54:4154 [32minfo[39m: [32mConnected to SQL Database[39m
2024-09-03 01:41:54:4154 [32minfo[39m: [32mListening to port 6000[39m
2024-09-03 01:43:09:439 [32minfo[39m: [32mConnected to SQL Database[39m
2024-09-03 01:43:09:439 [32minfo[39m: [32mListening to port 6000[39m
2024-09-03 01:47:11:4711 [32minfo[39m: [32mConnected to SQL Database[39m
2024-09-03 01:47:11:4711 [32minfo[39m: [32mListening to port 6000[39m
2024-09-03 14:37:41:3741 [32minfo[39m: [32mConnected to SQL Database[39m
2024-09-03 14:37:41:3741 [32minfo[39m: [32mListening to port 6000[39m
2024-09-28 22:05:22:522 [32minfo[39m: [32mConnected to SQL Database[39m
2024-09-28 22:05:22:522 [32minfo[39m: [32mListening to port 6000[39m
2024-09-28 22:07:17:717 [35mhttp[39m: [35mGET / 200 11 - 1.625 ms[39m
[35m[39m
2024-09-30 23:03:53:353 [32minfo[39m: [32mConnected to SQL Database[39m
2024-09-30 23:03:53:353 [32minfo[39m: [32mListening to port 6000[39m
2024-09-30 23:05:11:511 [32minfo[39m: [32mConnected to SQL Database[39m
2024-09-30 23:05:11:511 [32minfo[39m: [32mListening to port 6000[39m
2024-09-30 23:33:25:3325 [32minfo[39m: [32mConnected to SQL Database[39m
2024-09-30 23:33:25:3325 [32minfo[39m: [32mListening to port 6000[39m
2024-09-30 23:34:33:3433 [32minfo[39m: [32mConnected to SQL Database[39m
2024-09-30 23:34:33:3433 [32minfo[39m: [32mListening to port 6000[39m
2024-09-30 23:34:39:3439 [35mhttp[39m: [35mPOST /v1/auth/login 401 31 - 9.381 ms[39m
[35m[39m
2024-09-30 23:34:53:3453 [35mhttp[39m: [35mPOST /v1/auth/login 401 31 - 2.912 ms[39m
[35m[39m
2024-09-30 23:35:22:3522 [32minfo[39m: [32mConnected to SQL Database[39m
2024-09-30 23:35:45:3545 [32minfo[39m: [32mConnected to SQL Database[39m
2024-09-30 23:35:45:3545 [32minfo[39m: [32mListening to port 6000[39m
2024-09-30 23:35:48:3548 [35mhttp[39m: [35mPOST /v1/auth/login 401 31 - 10.304 ms[39m
[35m[39m
2024-09-30 23:36:58:3658 [35mhttp[39m: [35mPOST /v1/auth/login 401 31 - 28714.257 ms[39m
[35m[39m
2024-10-01 09:37:38:3738 [32minfo[39m: [32mConnected to SQL Database[39m
2024-10-01 09:37:38:3738 [32minfo[39m: [32mListening to port 6000[39m
2024-10-01 09:38:11:3811 [32minfo[39m: [32mConnected to SQL Database[39m
2024-10-01 09:38:11:3811 [32minfo[39m: [32mListening to port 6000[39m
2024-10-01 09:38:44:3844 [32minfo[39m: [32mConnected to SQL Database[39m
2024-10-01 09:38:44:3844 [32minfo[39m: [32mListening to port 6000[39m
2024-10-01 09:38:54:3854 [35mhttp[39m: [35mPOST /v1/auth/register 400 - - 11.413 ms[39m
[35m[39m
2024-10-01 09:39:40:3940 [35mhttp[39m: [35mPOST /v1/auth/register 400 - - 2.252 ms[39m
[35m[39m
2024-10-01 09:40:02:402 [35mhttp[39m: [35mPOST /v1/auth/register 400 - - 1.868 ms[39m
[35m[39m
2024-10-01 09:40:44:4044 [35mhttp[39m: [35mPOST /v1/auth/register 409 32 - 10.843 ms[39m
[35m[39m
2024-10-01 09:41:12:4112 [35mhttp[39m: [35mPOST /v1/auth/register 500 473 - 12.073 ms[39m
[35m[39m
2024-10-01 09:43:57:4357 [35mhttp[39m: [35mPOST /v1/auth/register 500 473 - 27195.282 ms[39m
[35m[39m
2024-10-01 09:45:54:4554 [35mhttp[39m: [35mPOST /v1/auth/register 500 473 - 103085.485 ms[39m
[35m[39m
2024-10-01 09:46:43:4643 [32minfo[39m: [32mConnected to SQL Database[39m
2024-10-01 09:46:43:4643 [32minfo[39m: [32mListening to port 6000[39m
2024-10-01 09:47:01:471 [35mhttp[39m: [35mPOST /v1/auth/register 500 473 - 6023.763 ms[39m
[35m[39m
2024-10-01 09:48:43:4843 [32minfo[39m: [32mConnected to SQL Database[39m
2024-10-01 09:48:43:4843 [32minfo[39m: [32mListening to port 6000[39m
2024-10-01 09:48:51:4851 [35mhttp[39m: [35mPOST /v1/auth/register 500 473 - 3109.350 ms[39m
[35m[39m
2024-10-01 09:50:48:5048 [35mhttp[39m: [35mPOST /v1/auth/register 500 473 - 88156.998 ms[39m
[35m[39m
2024-10-01 09:50:59:5059 [32minfo[39m: [32mConnected to SQL Database[39m
2024-10-01 09:50:59:5059 [32minfo[39m: [32mListening to port 6000[39m
2024-10-01 09:51:30:5130 [35mhttp[39m: [35mPOST /v1/auth/register 500 473 - 26307.991 ms[39m
[35m[39m
2024-10-01 09:54:58:5458 [32minfo[39m: [32mConnected to SQL Database[39m
2024-10-01 09:54:58:5458 [32minfo[39m: [32mListening to port 6000[39m
2024-10-01 09:55:21:5521 [35mhttp[39m: [35mPOST /v1/auth/register 200 706 - 14192.651 ms[39m
[35m[39m
2024-10-01 10:50:32:5032 [32minfo[39m: [32mConnected to SQL Database[39m
2024-10-01 10:50:32:5032 [32minfo[39m: [32mListening to port 6000[39m
2024-10-01 22:49:08:498 [35mhttp[39m: [35mPOST /v1/auth/login 401 31 - 3551.453 ms[39m
[35m[39m
2024-10-01 22:53:52:5352 [35mhttp[39m: [35mPOST /v1/auth/login 200 706 - 3523.502 ms[39m
[35m[39m
2024-10-01 23:08:14:814 [35mhttp[39m: [35mPOST /v1/auth/login 200 706 - 3912.229 ms[39m
[35m[39m
2024-10-01 23:09:19:919 [35mhttp[39m: [35mPOST /v1/auth/login 200 706 - 25221.546 ms[39m
[35m[39m
2024-10-01 23:09:53:953 [35mhttp[39m: [35mPOST /v1/auth/login 200 706 - 2178.554 ms[39m
[35m[39m
2024-10-01 23:13:19:1319 [35mhttp[39m: [35mPOST /v1/auth/login 200 706 - 3942.687 ms[39m
[35m[39m
2024-10-01 23:15:21:1521 [35mhttp[39m: [35mPOST /v1/auth/login 200 706 - 7.643 ms[39m
[35m[39m
2024-10-02 12:08:59:859 [32minfo[39m: [32mConnected to SQL Database[39m
2024-10-02 12:08:59:859 [32minfo[39m: [32mListening to port 6000[39m
2024-10-02 12:09:09:99 [35mhttp[39m: [35mPOST /v1/auth/login 200 706 - 16.492 ms[39m
[35m[39m
2024-10-02 14:08:12:812 [35mhttp[39m: [35mPOST /v1/auth/login 200 706 - 25.423 ms[39m
[35m[39m
2024-10-02 14:10:23:1023 [35mhttp[39m: [35mPOST /v1/auth/login 200 706 - 5.569 ms[39m
[35m[39m
2024-10-02 14:12:15:1215 [35mhttp[39m: [35mPOST /v1/auth/login 200 706 - 5.425 ms[39m
[35m[39m
2024-10-02 22:04:29:429 [35mhttp[39m: [35mPOST /v1/auth/login 200 706 - 26.033 ms[39m
[35m[39m
2024-10-02 22:13:27:1327 [35mhttp[39m: [35mPOST /v1/auth/login 200 706 - 23.173 ms[39m
[35m[39m
2024-10-02 22:28:08:288 [35mhttp[39m: [35mGET / 200 11 - 0.439 ms[39m
[35m[39m
2024-10-02 22:34:24:3424 [32minfo[39m: [32mConnected to SQL Database[39m
2024-10-02 22:34:58:3458 [35mhttp[39m: [35mPOST /v1/auth/login 200 706 - 28.595 ms[39m
[35m[39m
2024-10-02 23:00:11:011 [35mhttp[39m: [35mPOST /v1/auth/login 200 706 - 38.474 ms[39m
[35m[39m
2024-10-02 23:01:11:111 [35mhttp[39m: [35mPOST /v1/auth/login 200 706 - 12.034 ms[39m
[35m[39m
2024-10-02 23:01:51:151 [35mhttp[39m: [35mPOST /v1/auth/login 200 706 - 9.328 ms[39m
[35m[39m
2024-10-03 11:56:35:5635 [32minfo[39m: [32mConnected to SQL Database[39m
2024-10-03 11:56:35:5635 [32minfo[39m: [32mListening to port 6000[39m
2024-10-03 11:57:27:5727 [32minfo[39m: [32mConnected to SQL Database[39m
2024-10-03 11:57:27:5727 [32minfo[39m: [32mListening to port 6000[39m
2024-10-03 11:57:49:5749 [32minfo[39m: [32mConnected to SQL Database[39m
2024-10-03 11:57:49:5749 [32minfo[39m: [32mListening to port 6000[39m
2024-10-03 12:00:23:023 [32minfo[39m: [32mConnected to SQL Database[39m
2024-10-03 12:00:51:051 [32minfo[39m: [32mConnected to SQL Database[39m
2024-10-03 12:00:51:051 [32minfo[39m: [32mListening to port 6000[39m
2024-10-03 16:40:54:4054 [32minfo[39m: [32mConnected to SQL Database[39m
2024-10-03 16:40:54:4054 [32minfo[39m: [32mListening to port 6000[39m
2024-10-03 16:40:59:4059 [35mhttp[39m: [35mPOST /v1/auth/login 200 706 - 24.127 ms[39m
[35m[39m
2024-10-03 16:41:11:4111 [35mhttp[39m: [35mGET / 200 11 - 0.517 ms[39m
[35m[39m
2024-10-03 16:42:31:4231 [32minfo[39m: [32mConnected to SQL Database[39m
2024-10-03 16:42:31:4231 [32minfo[39m: [32mListening to port 6000[39m
2024-10-03 16:43:42:4342 [32minfo[39m: [32mConnected to SQL Database[39m
2024-10-03 16:43:42:4342 [32minfo[39m: [32mListening to port 6000[39m
2024-10-03 16:44:59:4459 [32minfo[39m: [32mConnected to SQL Database[39m
2024-10-03 16:44:59:4459 [32minfo[39m: [32mListening to port 6000[39m
2024-10-03 16:54:38:5438 [32minfo[39m: [32mConnected to SQL Database[39m
2024-10-03 16:54:38:5438 [32minfo[39m: [32mListening to port 6000[39m
2024-10-03 16:56:23:5623 [32minfo[39m: [32mConnected to SQL Database[39m
2024-10-03 16:56:23:5623 [32minfo[39m: [32mListening to port 6000[39m
2024-10-03 16:58:25:5825 [32minfo[39m: [32mConnected to SQL Database[39m
2024-10-03 16:58:25:5825 [32minfo[39m: [32mListening to port 6000[39m
2024-10-03 16:58:30:5830 [32minfo[39m: [32mConnected to SQL Database[39m
2024-10-03 16:58:30:5830 [32minfo[39m: [32mListening to port 6000[39m
